android_study/bliblistudy/app/build/intermediates/manifest_merge_blame_file/debug/manifest-merger-blame-debug-report.txt
1<?xml version="1.0" encoding="utf-8"?>
2<manifest xmlns:android="http://schemas.android.com/apk/res/android"
3    package="com.blibli.myapplication"
4    android:versionCode="1"
5    android:versionName="1.0" >
6
7    <uses-sdk
8        android:minSdkVersion="21"
8-->src\main\AndroidManifest.xml
9        android:targetSdkVersion="29" />
9-->src\main\AndroidManifest.xml
10
11    <uses-permission android:name="android.permission.INTERNET" />
11-->src\main\AndroidManifest.xml:5:5-67
11-->src\main\AndroidManifest.xml:5:22-64
12    <uses-permission android:name="android.permission.REQUEST_INSTALL_PACKAGES" />
12-->src\main\AndroidManifest.xml:6:5-83
12-->src\main\AndroidManifest.xml:6:22-80
13    <uses-permission android:name="android.permission.READ_EXTERNAL_STORAGE" /> <!-- 写文件的权限 -->
13-->src\main\AndroidManifest.xml:7:5-80
13-->src\main\AndroidManifest.xml:7:22-77
14    <uses-permission android:name="android.permission.WRITE_EXTERNAL_STORAGE" />
14-->src\main\AndroidManifest.xml:8:5-81
14-->src\main\AndroidManifest.xml:8:22-78
15
16    <application
16-->src\main\AndroidManifest.xml:10:5-38:19
17        android:allowBackup="true"
17-->src\main\AndroidManifest.xml:11:9-35
18        android:appComponentFactory="androidx.core.app.CoreComponentFactory"
18-->[androidx.core:core:1.1.0] AndroidManifest.xml:24:18-86
19        android:debuggable="true"
20        android:icon="@mipmap/ic_launcher"
20-->src\main\AndroidManifest.xml:12:9-43
21        android:label="@string/app_name"
21-->src\main\AndroidManifest.xml:13:9-41
22        android:networkSecurityConfig="@xml/network_security_config"
22-->src\main\AndroidManifest.xml:14:9-69
23        android:roundIcon="@mipmap/ic_launcher_round"
23-->src\main\AndroidManifest.xml:15:9-54
24        android:supportsRtl="true"
24-->src\main\AndroidManifest.xml:16:9-35
25        android:testOnly="true"
26        android:theme="@style/AppTheme" >
26-->src\main\AndroidManifest.xml:17:9-40
27        <activity android:name="com.blibli.myapplication.ExpandableListView.ExpandableListViewActivity" />
27-->src\main\AndroidManifest.xml:18:9-92
27-->src\main\AndroidManifest.xml:18:19-80
28        <activity android:name="com.blibli.myapplication.SQL.SQLActivity" />
28-->src\main\AndroidManifest.xml:19:9-53
28-->src\main\AndroidManifest.xml:19:19-50
29        <activity android:name="com.blibli.myapplication.AsyncTask.AsyncTaskActivity" />
29-->src\main\AndroidManifest.xml:20:9-65
29-->src\main\AndroidManifest.xml:20:19-62
30        <activity android:name="com.blibli.myapplication.handle.DownLoadActivity" />
30-->src\main\AndroidManifest.xml:21:9-61
30-->src\main\AndroidManifest.xml:21:19-58
31        <activity android:name="com.blibli.myapplication.handle.HandlerActivity" />
31-->src\main\AndroidManifest.xml:22:9-60
31-->src\main\AndroidManifest.xml:22:19-57
32        <activity android:name="com.blibli.myapplication.progressActivity" />
32-->src\main\AndroidManifest.xml:23:9-54
32-->src\main\AndroidManifest.xml:23:19-51
33        <activity android:name="com.blibli.myapplication.DialogActivity" />
33-->src\main\AndroidManifest.xml:24:9-52
33-->src\main\AndroidManifest.xml:24:19-49
34        <activity android:name="com.blibli.myapplication.ToastActivity" />
34-->src\main\AndroidManifest.xml:25:9-51
34-->src\main\AndroidManifest.xml:25:19-48
35        <activity android:name="com.blibli.myapplication.WebView.WebViewActivity" />
35-->src\main\AndroidManifest.xml:26:9-61
35-->src\main\AndroidManifest.xml:26:19-58
36        <activity android:name="com.blibli.myapplication.recycleview.LinearRecyclerViewActivity" />
36-->src\main\AndroidManifest.xml:27:9-76
36-->src\main\AndroidManifest.xml:27:19-73
37        <activity android:name="com.blibli.myapplication.recycleview.RecyclerViewActivity" />
37-->src\main\AndroidManifest.xml:28:9-70
37-->src\main\AndroidManifest.xml:28:19-67
38        <activity android:name="com.blibli.myapplication.listView.ListViewActivity" />
38-->src\main\AndroidManifest.xml:29:9-63
38-->src\main\AndroidManifest.xml:29:19-60
39        <activity android:name="com.blibli.myapplication.MainActivity" >
39-->src\main\AndroidManifest.xml:30:9-36:20
39-->src\main\AndroidManifest.xml:30:19-47
40            <intent-filter>
40-->src\main\AndroidManifest.xml:31:13-35:29
41                <action android:name="android.intent.action.MAIN" />
41-->src\main\AndroidManifest.xml:32:17-69
41-->src\main\AndroidManifest.xml:32:25-66
42
43                <category android:name="android.intent.category.LAUNCHER" />
43-->src\main\AndroidManifest.xml:34:17-77
43-->src\main\AndroidManifest.xml:34:27-74
44            </intent-filter>
45        </activity>
46        <activity android:name="com.blibli.myapplication.girdview.GirdViewActivity" />
46-->src\main\AndroidManifest.xml:37:9-63
46-->src\main\AndroidManifest.xml:37:19-60
47    </application>
48
49</manifest>